============================= test session starts =============================
platform win32 -- Python 3.14.2, pytest-9.0.2, pluggy-1.6.0 -- C:\Users\Kelechi\AppData\Local\Programs\Python\Python314\python.exe
cachedir: .pytest_cache
rootdir: C:\Users\Kelechi\.gemini\antigravity\scratch\project-confluence
plugins: anyio-4.12.1
collecting ... collected 16 items

tests/test_complexity_profiler.py::TestSampleEntropy::test_constant_signal_zero_entropy PASSED [  6%]
tests/test_complexity_profiler.py::TestSampleEntropy::test_random_signal_positive_entropy PASSED [ 12%]
tests/test_complexity_profiler.py::TestSampleEntropy::test_short_signal_handled PASSED [ 18%]
tests/test_complexity_profiler.py::TestMultiscaleEntropy::test_output_shape PASSED [ 25%]
tests/test_complexity_profiler.py::TestCorrelationDimension::test_returns_nonnegative PASSED [ 31%]
tests/test_complexity_profiler.py::TestCorrelationDimension::test_short_signal_fallback PASSED [ 37%]
tests/test_complexity_profiler.py::TestLyapunovExponent::test_returns_finite PASSED [ 43%]
tests/test_complexity_profiler.py::TestPowerSpectralSlope::test_returns_finite PASSED [ 50%]
tests/test_complexity_profiler.py::TestPowerSpectralSlope::test_white_noise_near_zero PASSED [ 56%]
tests/test_complexity_profiler.py::TestCouplingScore::test_identical_signals_high_coupling PASSED [ 62%]
tests/test_complexity_profiler.py::TestCoherenceMetric::test_healthy_reference_scores_high PASSED [ 68%]
tests/test_complexity_profiler.py::TestCoherenceMetric::test_pathological_scores_lower PASSED [ 75%]
tests/test_complexity_profiler.py::TestArchetypeClassifier::test_chaotic_classified PASSED [ 81%]
tests/test_complexity_profiler.py::TestArchetypeClassifier::test_healthy_classified_correctly PASSED [ 87%]
tests/test_complexity_profiler.py::TestComplexityProfiler::test_phi_json_export PASSED [ 93%]
tests/test_complexity_profiler.py::TestComplexityProfiler::test_profile_produces_valid_phi FAILED [100%]

================================== FAILURES ===================================
___________ TestComplexityProfiler.test_profile_produces_valid_phi ____________

self = <tests.test_complexity_profiler.TestComplexityProfiler testMethod=test_profile_produces_valid_phi>

    def test_profile_produces_valid_phi(self):
        """Profiling a trajectory should produce a valid PhiProfile."""
        rng = np.random.RandomState(42)
        trajectory = rng.randn(15, 300) * 0.5 + 1.0
        profiler = ComplexityProfiler()
        phi = profiler.profile(trajectory, dt=0.5)
    
        self.assertIsInstance(phi, PhiProfile)
        self.assertEqual(len(phi.phi_vector), 5)
        self.assertTrue(all(0 <= v <= 1 for v in phi.phi_vector))
>       self.assertIn(phi.archetype,
                      ["Chaotic/Decoupled", "Rigid/Locked",
                       "Collapsed/Exhausted", "Healthy Complex"])
E       AssertionError: 'Warburg Metabolic' not found in ['Chaotic/Decoupled', 'Rigid/Locked', 'Collapsed/Exhausted', 'Healthy Complex']

tests\test_complexity_profiler.py:173: AssertionError
=========================== short test summary info ===========================
FAILED tests/test_complexity_profiler.py::TestComplexityProfiler::test_profile_produces_valid_phi
======================== 1 failed, 15 passed in 35.20s ========================
