============================= test session starts =============================
platform win32 -- Python 3.14.2, pytest-9.0.2, pluggy-1.6.0 -- C:\Users\Kelechi\AppData\Local\Programs\Python\Python314\python.exe
cachedir: .pytest_cache
rootdir: C:\Users\Kelechi\.gemini\antigravity\scratch\project-confluence
plugins: anyio-4.12.1
collecting ... collected 39 items

tests/test_complexity_profiler.py::TestSampleEntropy::test_constant_signal_zero_entropy PASSED [  2%]
tests/test_complexity_profiler.py::TestSampleEntropy::test_random_signal_positive_entropy PASSED [  5%]
tests/test_complexity_profiler.py::TestSampleEntropy::test_short_signal_handled PASSED [  7%]
tests/test_complexity_profiler.py::TestMultiscaleEntropy::test_output_shape PASSED [ 10%]
tests/test_complexity_profiler.py::TestCorrelationDimension::test_returns_nonnegative PASSED [ 12%]
tests/test_complexity_profiler.py::TestCorrelationDimension::test_short_signal_fallback PASSED [ 15%]
tests/test_complexity_profiler.py::TestLyapunovExponent::test_returns_finite PASSED [ 17%]
tests/test_complexity_profiler.py::TestPowerSpectralSlope::test_returns_finite PASSED [ 20%]
tests/test_complexity_profiler.py::TestPowerSpectralSlope::test_white_noise_near_zero PASSED [ 23%]
tests/test_complexity_profiler.py::TestCouplingScore::test_identical_signals_high_coupling PASSED [ 25%]
tests/test_complexity_profiler.py::TestCoherenceMetric::test_healthy_reference_scores_high PASSED [ 28%]
tests/test_complexity_profiler.py::TestCoherenceMetric::test_pathological_scores_lower PASSED [ 30%]
tests/test_complexity_profiler.py::TestArchetypeClassifier::test_chaotic_classified PASSED [ 33%]
tests/test_complexity_profiler.py::TestArchetypeClassifier::test_healthy_classified_correctly PASSED [ 35%]
tests/test_complexity_profiler.py::TestComplexityProfiler::test_phi_json_export PASSED [ 38%]
tests/test_complexity_profiler.py::TestComplexityProfiler::test_profile_produces_valid_phi PASSED [ 41%]
tests/test_ode_system.py::TestMassBalance::test_all_cancer_mass_bounded PASSED [ 43%]
tests/test_ode_system.py::TestMassBalance::test_healthy_mass_bounded PASSED [ 46%]
tests/test_ode_system.py::TestEigenvalueStability::test_all_eigenvalues_stable PASSED [ 48%]
tests/test_ode_system.py::TestEigenvalueStability::test_eigenvalue_spread PASSED [ 51%]
tests/test_ode_system.py::TestDeterministicReproducibility::test_deterministic_no_seed_dependency PASSED [ 53%]
tests/test_ode_system.py::TestDeterministicReproducibility::test_seed_reproducibility PASSED [ 56%]
tests/test_ode_system.py::TestComplexAttractorODE::test_generator_matrix_dimension PASSED [ 58%]
tests/test_ode_system.py::TestComplexAttractorODE::test_healthy_state_shape PASSED [ 61%]
tests/test_ode_system.py::TestComplexAttractorODE::test_linear_mode_backward_compat PASSED [ 64%]
tests/test_ode_system.py::TestComplexAttractorODE::test_solve_succeeds PASSED [ 66%]
tests/test_ode_system.py::TestComplexAttractorODE::test_trajectory_bounded PASSED [ 69%]
tests/test_ode_system.py::TestTrajectoryAnalyzer::test_summary_stats_keys PASSED [ 71%]
tests/test_patient_fitter.py::TestParameterSpace::test_bounds_valid PASSED [ 74%]
tests/test_patient_fitter.py::TestParameterSpace::test_default_params_within_bounds PASSED [ 76%]
tests/test_patient_fitter.py::TestParameterSpace::test_targets_exist_for_all_cancers PASSED [ 79%]
tests/test_patient_fitter.py::TestPriorLikelihood::test_likelihood_finite PASSED [ 82%]
tests/test_patient_fitter.py::TestPriorLikelihood::test_posterior_equals_prior_plus_likelihood PASSED [ 84%]
tests/test_patient_fitter.py::TestPriorLikelihood::test_prior_inside_bounds PASSED [ 87%]
tests/test_patient_fitter.py::TestPriorLikelihood::test_prior_outside_bounds PASSED [ 89%]
tests/test_patient_fitter.py::TestDigitalTwin::test_identifiability_report PASSED [ 92%]
tests/test_patient_fitter.py::TestDigitalTwin::test_json_export PASSED   [ 94%]
tests/test_patient_fitter.py::TestMCMCSmokeTest::test_sampler_runs PASSED [ 97%]
tests/test_patient_fitter.py::TestProfileLikelihood::test_profile_returns_arrays PASSED [100%]

============================= 39 passed in 28.97s =============================
